<?xml version="1.0" encoding="UTF-8"?>
<!-- Generated by org.testng.reporters.JUnitReportReporter -->
<testsuite skipped="0" hostname="venkat" name="com.tmb.test.TestOne" tests="3" failures="0" timestamp="2021-01-22T17:12:25 IST" time="191.743" errors="0">
  <testcase name="test003" time="31.573" classname="com.tmb.test.TestOne"/>
  <testcase name="test002" time="80.496" classname="com.tmb.test.TestOne"/>
  <testcase name="test001" time="79.674" classname="com.tmb.test.TestOne"/>
</testsuite> <!-- com.tmb.test.TestOne -->
