<?xml version="1.0" encoding="UTF-8"?>
<!-- Generated by org.testng.reporters.JUnitReportReporter -->
<testsuite skipped="0" hostname="venkat" name="com.tmb.test.TestTwo" tests="2" failures="0" timestamp="2021-01-22T17:07:49 IST" time="6.720" errors="0">
  <testcase name="test202" time="3.007" classname="com.tmb.test.TestTwo"/>
  <testcase name="test201" time="3.713" classname="com.tmb.test.TestTwo"/>
</testsuite> <!-- com.tmb.test.TestTwo -->
